0 info it worked if it ends with ok
1 verbose cli [
1 verbose cli   '/usr/local/bin/node',
1 verbose cli   '/home/container/node_modules/.bin/npm',
1 verbose cli   'i',
1 verbose cli   'api-dylux'
1 verbose cli ]
2 info using npm@2.15.12
3 info using node@v24.8.0
4 verbose config Skipping project config: /home/container/.npmrc. (matches userconfig)
5 verbose install initial load of /home/container/package.json
6 verbose stack Error: Invalid name: "DONG`ER - MULTI DEVICE"
6 verbose stack     at ensureValidName (/home/container/node_modules/npm/node_modules/normalize-package-data/lib/fixer.js:336:15)
6 verbose stack     at Object.fixNameField (/home/container/node_modules/npm/node_modules/normalize-package-data/lib/fixer.js:215:5)
6 verbose stack     at /home/container/node_modules/npm/node_modules/normalize-package-data/lib/normalize.js:32:38
6 verbose stack     at Array.forEach (<anonymous>)
6 verbose stack     at normalize (/home/container/node_modules/npm/node_modules/normalize-package-data/lib/normalize.js:31:15)
6 verbose stack     at final (/home/container/node_modules/npm/node_modules/read-package-json/read-json.js:349:5)
6 verbose stack     at then (/home/container/node_modules/npm/node_modules/read-package-json/read-json.js:124:5)
6 verbose stack     at /home/container/node_modules/npm/node_modules/read-package-json/read-json.js:243:12
6 verbose stack     at /home/container/node_modules/npm/node_modules/graceful-fs/graceful-fs.js:78:16
6 verbose stack     at FSReqCallback.readFileAfterClose [as oncomplete] (node:internal/fs/read/context:68:3)
7 verbose cwd /home/container
8 error Linux 5.15.0-153-generic
9 error argv "/usr/local/bin/node" "/home/container/node_modules/.bin/npm" "i" "api-dylux"
10 error node v24.8.0
11 error npm  v2.15.12
12 error Invalid name: "DONG`ER - MULTI DEVICE"
13 error If you need help, you may report this error at:
13 error     <https://github.com/npm/npm/issues>
14 verbose exit [ 1, true ]
